<?xml version="1.0" encoding="UTF-8"?>
<!-- Generated by org.testng.reporters.JUnitReportReporter -->
<testsuite hostname="SCI-DT-196" name="tests.NewTest" tests="1" failures="0" timestamp="1 Aug 2019 08:31:53 GMT" time="13.516" errors="0">
  <testcase name="openMyBlog" time="13.516" classname="tests.NewTest"/>
</testsuite> <!-- tests.NewTest -->
