<?xml version="1.0" encoding="UTF-8"?>
<!-- Generated by org.testng.reporters.JUnitReportReporter -->
<testsuite hostname="SCI-DT-196" name="tests.NewTest" tests="1" failures="0" timestamp="25 Jul 2019 08:20:08 GMT" time="14.039" errors="0">
  <testcase name="openMyBlog" time="14.039" classname="tests.NewTest"/>
</testsuite> <!-- tests.NewTest -->
