<?xml version="1.0" encoding="UTF-8"?>
<!-- Generated by org.testng.reporters.JUnitReportReporter -->
<testsuite hostname="SCI-DT-196" name="tests.NewTest" tests="1" failures="0" timestamp="24 Jul 2019 09:30:20 GMT" time="66.185" errors="0">
  <testcase name="openMyBlog" time="66.185" classname="tests.NewTest"/>
</testsuite> <!-- tests.NewTest -->
