<?xml version="1.0" encoding="UTF-8"?>
<!-- Generated by org.testng.reporters.JUnitReportReporter -->
<testsuite hostname="SCI-DT-196" name="tests.NewTest" tests="1" failures="0" timestamp="25 Jul 2019 08:10:52 GMT" time="63.711" errors="0">
  <testcase name="openMyBlog" time="63.711" classname="tests.NewTest"/>
</testsuite> <!-- tests.NewTest -->
