<?xml version="1.0" encoding="UTF-8"?>
<!-- Generated by org.testng.reporters.JUnitReportReporter -->
<testsuite hostname="SCI-DT-196" name="tests.NewTest" tests="1" failures="0" timestamp="25 Jul 2019 08:26:30 GMT" time="20.471" errors="0">
  <testcase name="openMyBlog" time="20.471" classname="tests.NewTest"/>
</testsuite> <!-- tests.NewTest -->
